2025-05-17 23:19:02,461 - INFO - __main__ - app.py:15 - ********** 程序启动 **********
2025-05-17 23:19:02,463 - INFO - snap7.client - client.py:78 - creating snap7 client
2025-05-17 23:19:02,464 - INFO - snap7.client - client.py:78 - creating snap7 client
2025-05-17 23:19:02,464 - INFO - snap7.client - client.py:194 - connecting to 172.16.1.95:102 rack 0 slot 2
2025-05-17 23:19:05,465 - ERROR - snap7.common - error.py:142 - b' ISO : An error occurred during recv TCP : Connection timed out'
2025-05-17 23:19:05,466 - ERROR - root - plc_s7.py:83 - S7连接出错: b' ISO : An error occurred during recv TCP : Connection timed out'
2025-05-17 23:19:05,468 - INFO - root - app.py:31 - PLC连接状态: False
2025-05-17 23:19:05,469 - INFO - snap7.client - client.py:78 - creating snap7 client
2025-05-17 23:19:05,470 - INFO - snap7.client - client.py:92 - destroying snap7 client
2025-05-17 23:19:05,470 - INFO - snap7.client - client.py:78 - creating snap7 client
2025-05-17 23:19:05,470 - INFO - snap7.client - client.py:92 - destroying snap7 client
2025-05-17 23:19:05,471 - INFO - snap7.client - client.py:194 - connecting to 172.16.1.95:102 rack 0 slot 2
2025-05-17 23:19:08,473 - ERROR - snap7.common - error.py:142 - b' ISO : An error occurred during recv TCP : Connection timed out'
2025-05-17 23:19:08,475 - ERROR - root - plc_s7.py:83 - S7连接出错: b' ISO : An error occurred during recv TCP : Connection timed out'
2025-05-17 23:19:09,476 - INFO - snap7.client - client.py:78 - creating snap7 client
2025-05-17 23:19:09,476 - INFO - snap7.client - client.py:92 - destroying snap7 client
2025-05-17 23:19:09,477 - INFO - snap7.client - client.py:78 - creating snap7 client
2025-05-17 23:19:09,477 - INFO - snap7.client - client.py:92 - destroying snap7 client
2025-05-17 23:19:09,477 - INFO - snap7.client - client.py:194 - connecting to 172.16.1.95:102 rack 0 slot 2
2025-05-17 23:19:12,479 - ERROR - snap7.common - error.py:142 - b' ISO : An error occurred during recv TCP : Connection timed out'
2025-05-17 23:19:12,481 - ERROR - root - plc_s7.py:83 - S7连接出错: b' ISO : An error occurred during recv TCP : Connection timed out'
2025-05-17 23:19:13,484 - INFO - snap7.client - client.py:78 - creating snap7 client
2025-05-17 23:19:13,485 - INFO - snap7.client - client.py:92 - destroying snap7 client
2025-05-17 23:19:13,487 - INFO - snap7.client - client.py:78 - creating snap7 client
2025-05-17 23:19:13,487 - INFO - snap7.client - client.py:92 - destroying snap7 client
2025-05-17 23:19:13,488 - INFO - snap7.client - client.py:194 - connecting to 172.16.1.95:102 rack 0 slot 2
2025-05-17 23:19:13,494 - INFO - snap7.client - client.py:194 - connecting to 172.16.1.95:102 rack 0 slot 2
2025-05-17 23:19:13,499 - INFO - root - plc_s7.py:76 - S7连接成功.
2025-05-17 23:19:16,743 - INFO - root - cmd.py:216 - ########### 开始执行流程<测试流程>
2025-05-17 23:19:16,743 - INFO - root - cmd.py:324 - >>> 开始执行指令: 名称<开始> 类型<algo> 算法类型:<algoWait>
2025-05-17 23:19:17,745 - INFO - root - cmd.py:404 - <<< 指令<开始> 执行完毕 ---> 执行结果:True
2025-05-17 23:19:17,746 - INFO - root - cmd.py:324 - >>> 开始执行指令: 名称<空指令> 类型<algo> 算法类型:<algoWait>
2025-05-17 23:19:18,747 - INFO - root - cmd.py:404 - <<< 指令<空指令> 执行完毕 ---> 执行结果:True
2025-05-17 23:19:21,751 - INFO - root - cmd.py:329 - >>> 开始执行指令: 名称<实时曲线> 类型<pop> 弹窗类型:<dialogChart>
2025-05-17 23:19:37,760 - INFO - root - cmd.py:404 - <<< 指令<实时曲线> 执行完毕 ---> 执行结果:True
2025-05-17 23:19:37,760 - INFO - root - cmd.py:324 - >>> 开始执行指令: 名称<结束> 类型<algo> 算法类型:<algoWait>
2025-05-17 23:19:38,762 - INFO - root - cmd.py:404 - <<< 指令<结束> 执行完毕 ---> 执行结果:True
2025-05-17 23:19:38,763 - INFO - root - cmd.py:272 - ########### 流程执行完毕<测试流程>
2025-05-17 23:26:58,293 - INFO - __main__ - app.py:15 - ********** 程序启动 **********
2025-05-17 23:26:58,295 - INFO - snap7.client - client.py:78 - creating snap7 client
2025-05-17 23:26:58,296 - INFO - snap7.client - client.py:78 - creating snap7 client
2025-05-17 23:26:58,296 - INFO - snap7.client - client.py:194 - connecting to 172.16.1.95:102 rack 0 slot 2
2025-05-17 23:26:58,301 - INFO - snap7.client - client.py:194 - connecting to 172.16.1.95:102 rack 0 slot 2
2025-05-17 23:26:58,306 - INFO - root - plc_s7.py:76 - S7连接成功.
2025-05-17 23:26:58,306 - INFO - root - app.py:31 - PLC连接状态: True
2025-05-17 23:39:11,325 - INFO - __main__ - app.py:15 - ********** 程序启动 **********
2025-05-17 23:39:11,327 - INFO - snap7.client - client.py:78 - creating snap7 client
2025-05-17 23:39:11,327 - INFO - snap7.client - client.py:78 - creating snap7 client
2025-05-17 23:39:11,327 - INFO - snap7.client - client.py:194 - connecting to 172.16.1.95:102 rack 0 slot 2
2025-05-17 23:39:11,333 - INFO - snap7.client - client.py:194 - connecting to 172.16.1.95:102 rack 0 slot 2
2025-05-17 23:39:11,338 - INFO - root - plc_s7.py:76 - S7连接成功.
2025-05-17 23:39:11,338 - INFO - root - app.py:31 - PLC连接状态: True
2025-05-17 23:52:33,054 - INFO - __main__ - app.py:15 - ********** 程序启动 **********
2025-05-17 23:52:33,057 - INFO - snap7.client - client.py:78 - creating snap7 client
2025-05-17 23:52:33,057 - INFO - snap7.client - client.py:78 - creating snap7 client
2025-05-17 23:52:33,058 - INFO - snap7.client - client.py:194 - connecting to 172.16.1.95:102 rack 0 slot 2
2025-05-17 23:52:33,064 - INFO - snap7.client - client.py:194 - connecting to 172.16.1.95:102 rack 0 slot 2
2025-05-17 23:52:33,069 - INFO - root - plc_s7.py:76 - S7连接成功.
2025-05-17 23:52:33,069 - INFO - root - app.py:31 - PLC连接状态: True
